<?xml version="1.0" encoding="UTF-8"?>
<!-- Generated by org.testng.reporters.JUnitReportReporter -->
<testsuite hostname="DESKTOP-JLPE75F" failures="0" tests="1" name="testcases.AmazonPage_test" time="49.001" errors="0" timestamp="2024-06-21T16:58:47 IST" skipped="0">
  <testcase classname="testcases.AmazonPage_test" name="verifyAmazonNextPage" time="49.001"/>
  <system-out/>
</testsuite> <!-- testcases.AmazonPage_test -->
